<?xml version="1.0" encoding="UTF-8"?>
<coverage generated="1642548442466" clover="3.2.0">
  <project timestamp="1642548442466" name="All files">
    <metrics statements="50" coveredstatements="44" conditionals="18" coveredconditionals="9" methods="18" coveredmethods="15" elements="86" coveredelements="68" complexity="0" loc="50" ncloc="50" packages="4" files="7" classes="7"/>
    <package name="src">
      <metrics statements="2" coveredstatements="2" conditionals="0" coveredconditionals="0" methods="1" coveredmethods="1"/>
      <file name="UiWrapper.js" path="/Users/ahmed/coding/instabug/moviesTask/src/UiWrapper.js">
        <metrics statements="2" coveredstatements="2" conditionals="0" coveredconditionals="0" methods="1" coveredmethods="1"/>
        <line num="6" count="3" type="stmt"/>
        <line num="7" count="20" type="stmt"/>
      </file>
    </package>
    <package name="src.components">
      <metrics statements="36" coveredstatements="33" conditionals="14" coveredconditionals="9" methods="13" coveredmethods="12"/>
      <file name="AddMovie.js" path="/Users/ahmed/coding/instabug/moviesTask/src/components/AddMovie.js">
        <metrics statements="10" coveredstatements="10" conditionals="4" coveredconditionals="2" methods="2" coveredmethods="2"/>
        <line num="12" count="2" type="stmt"/>
        <line num="14" count="15" type="stmt"/>
        <line num="16" count="15" type="stmt"/>
        <line num="18" count="15" type="stmt"/>
        <line num="20" count="15" type="stmt"/>
        <line num="22" count="15" type="stmt"/>
        <line num="26" count="15" type="stmt"/>
        <line num="27" count="1" type="stmt"/>
        <line num="30" count="15" type="stmt"/>
        <line num="62" count="2" type="stmt"/>
      </file>
      <file name="AddMovieModal.js" path="/Users/ahmed/coding/instabug/moviesTask/src/components/AddMovieModal.js">
        <metrics statements="9" coveredstatements="9" conditionals="0" coveredconditionals="0" methods="4" coveredmethods="4"/>
        <line num="11" count="1" type="stmt"/>
        <line num="13" count="13" type="stmt"/>
        <line num="14" count="13" type="stmt"/>
        <line num="15" count="13" type="stmt"/>
        <line num="21" count="13" type="stmt"/>
        <line num="22" count="2" type="stmt"/>
        <line num="23" count="2" type="stmt"/>
        <line num="26" count="13" type="stmt"/>
        <line num="43" count="1" type="stmt"/>
      </file>
      <file name="Movie.js" path="/Users/ahmed/coding/instabug/moviesTask/src/components/Movie.js">
        <metrics statements="17" coveredstatements="14" conditionals="10" coveredconditionals="7" methods="7" coveredmethods="6"/>
        <line num="12" count="1" type="stmt"/>
        <line num="13" count="11" type="stmt"/>
        <line num="30" count="1" type="stmt"/>
        <line num="32" count="11" type="stmt"/>
        <line num="38" count="11" type="stmt"/>
        <line num="39" count="11" type="cond" truecount="1" falsecount="1"/>
        <line num="44" count="11" type="stmt"/>
        <line num="45" count="11" type="stmt"/>
        <line num="50" count="11" type="stmt"/>
        <line num="51" count="2" type="stmt"/>
        <line num="59" count="11" type="stmt"/>
        <line num="61" count="0" type="cond" truecount="0" falsecount="2"/>
        <line num="62" count="0" type="stmt"/>
        <line num="64" count="0" type="stmt"/>
        <line num="67" count="11" type="stmt"/>
        <line num="71" count="11" type="stmt"/>
        <line num="92" count="1" type="stmt"/>
      </file>
    </package>
    <package name="src.hooks">
      <metrics statements="11" coveredstatements="8" conditionals="4" coveredconditionals="0" methods="4" coveredmethods="2"/>
      <file name="useImageLibrary.js" path="/Users/ahmed/coding/instabug/moviesTask/src/hooks/useImageLibrary.js">
        <metrics statements="9" coveredstatements="6" conditionals="4" coveredconditionals="0" methods="3" coveredmethods="1"/>
        <line num="8" count="2" type="stmt"/>
        <line num="9" count="15" type="stmt"/>
        <line num="12" count="15" type="stmt"/>
        <line num="26" count="15" type="stmt"/>
        <line num="27" count="0" type="cond" truecount="0" falsecount="2"/>
        <line num="28" count="0" type="cond" truecount="0" falsecount="2"/>
        <line num="36" count="15" type="stmt"/>
        <line num="37" count="0" type="stmt"/>
        <line num="42" count="15" type="stmt"/>
      </file>
      <file name="usePosterPlaceholder.js" path="/Users/ahmed/coding/instabug/moviesTask/src/hooks/usePosterPlaceholder.js">
        <metrics statements="2" coveredstatements="2" conditionals="0" coveredconditionals="0" methods="1" coveredmethods="1"/>
        <line num="7" count="3" type="stmt"/>
        <line num="8" count="26" type="stmt"/>
      </file>
    </package>
    <package name="static">
      <metrics statements="1" coveredstatements="1" conditionals="0" coveredconditionals="0" methods="0" coveredmethods="0"/>
      <file name="placeHolderPosterLight.png" path="/Users/ahmed/coding/instabug/moviesTask/static/placeHolderPosterLight.png">
        <metrics statements="1" coveredstatements="1" conditionals="0" coveredconditionals="0" methods="0" coveredmethods="0"/>
        <line num="1" count="3" type="stmt"/>
      </file>
    </package>
  </project>
</coverage>
