{"/Users/ahmed/coding/instabug/moviesTask/src/UiWrapper.js": {"path":"/Users/ahmed/coding/instabug/moviesTask/src/UiWrapper.js","statementMap":{"0":{"start":{"line":6,"column":18},"end":{"line":10,"column":1}},"1":{"start":{"line":7,"column":2},"end":{"line":9,"column":24}}},"fnMap":{"0":{"name":"(anonymous_0)","decl":{"start":{"line":6,"column":18},"end":{"line":6,"column":19}},"loc":{"start":{"line":7,"column":2},"end":{"line":9,"column":24}},"line":7}},"branchMap":{},"s":{"0":3,"1":20},"f":{"0":20},"b":{},"_coverageSchema":"1a1c01bbd47fc00a2c39e90264f33305004495a9","hash":"e5464f69675b297f1281bfb454512ba3d80739b0"}
,"/Users/ahmed/coding/instabug/moviesTask/src/components/AddMovie.js": {"path":"/Users/ahmed/coding/instabug/moviesTask/src/components/AddMovie.js","statementMap":{"0":{"start":{"line":12,"column":17},"end":{"line":60,"column":1}},"1":{"start":{"line":14,"column":28},"end":{"line":14,"column":50}},"2":{"start":{"line":16,"column":28},"end":{"line":16,"column":40}},"3":{"start":{"line":18,"column":42},"end":{"line":18,"column":59}},"4":{"start":{"line":20,"column":34},"end":{"line":20,"column":46}},"5":{"start":{"line":22,"column":26},"end":{"line":22,"column":46}},"6":{"start":{"line":26,"column":25},"end":{"line":28,"column":3}},"7":{"start":{"line":27,"column":4},"end":{"line":27,"column":49}},"8":{"start":{"line":30,"column":2},"end":{"line":59,"column":4}},"9":{"start":{"line":62,"column":15},"end":{"line":68,"column":2}}},"fnMap":{"0":{"name":"(anonymous_0)","decl":{"start":{"line":12,"column":17},"end":{"line":12,"column":18}},"loc":{"start":{"line":12,"column":33},"end":{"line":60,"column":1}},"line":12},"1":{"name":"(anonymous_1)","decl":{"start":{"line":26,"column":25},"end":{"line":26,"column":26}},"loc":{"start":{"line":26,"column":31},"end":{"line":28,"column":3}},"line":26}},"branchMap":{"0":{"loc":{"start":{"line":40,"column":16},"end":{"line":40,"column":64}},"type":"cond-expr","locations":[{"start":{"line":40,"column":28},"end":{"line":40,"column":44}},{"start":{"line":40,"column":47},"end":{"line":40,"column":64}}],"line":40},"1":{"loc":{"start":{"line":44,"column":9},"end":{"line":44,"column":54}},"type":"cond-expr","locations":[{"start":{"line":44,"column":21},"end":{"line":44,"column":36}},{"start":{"line":44,"column":39},"end":{"line":44,"column":54}}],"line":44}},"s":{"0":2,"1":15,"2":15,"3":15,"4":15,"5":15,"6":15,"7":1,"8":15,"9":2},"f":{"0":15,"1":1},"b":{"0":[0,15],"1":[0,15]},"_coverageSchema":"1a1c01bbd47fc00a2c39e90264f33305004495a9","hash":"bf7a6b67353e34a5d57f9eb5c7f9e262e0bcb38d"}
,"/Users/ahmed/coding/instabug/moviesTask/src/components/AddMovieModal.js": {"path":"/Users/ahmed/coding/instabug/moviesTask/src/components/AddMovieModal.js","statementMap":{"0":{"start":{"line":11,"column":22},"end":{"line":41,"column":1}},"1":{"start":{"line":13,"column":32},"end":{"line":13,"column":47}},"2":{"start":{"line":14,"column":20},"end":{"line":14,"column":42}},"3":{"start":{"line":14,"column":26},"end":{"line":14,"column":42}},"4":{"start":{"line":15,"column":20},"end":{"line":15,"column":43}},"5":{"start":{"line":15,"column":26},"end":{"line":15,"column":43}},"6":{"start":{"line":21,"column":25},"end":{"line":24,"column":3}},"7":{"start":{"line":22,"column":4},"end":{"line":22,"column":20}},"8":{"start":{"line":23,"column":4},"end":{"line":23,"column":16}},"9":{"start":{"line":26,"column":2},"end":{"line":40,"column":4}},"10":{"start":{"line":43,"column":15},"end":{"line":51,"column":2}}},"fnMap":{"0":{"name":"(anonymous_0)","decl":{"start":{"line":11,"column":22},"end":{"line":11,"column":23}},"loc":{"start":{"line":11,"column":38},"end":{"line":41,"column":1}},"line":11},"1":{"name":"(anonymous_1)","decl":{"start":{"line":14,"column":20},"end":{"line":14,"column":21}},"loc":{"start":{"line":14,"column":26},"end":{"line":14,"column":42}},"line":14},"2":{"name":"(anonymous_2)","decl":{"start":{"line":15,"column":20},"end":{"line":15,"column":21}},"loc":{"start":{"line":15,"column":26},"end":{"line":15,"column":43}},"line":15},"3":{"name":"(anonymous_3)","decl":{"start":{"line":21,"column":25},"end":{"line":21,"column":26}},"loc":{"start":{"line":21,"column":34},"end":{"line":24,"column":3}},"line":21}},"branchMap":{},"s":{"0":1,"1":13,"2":13,"3":4,"4":13,"5":3,"6":13,"7":2,"8":2,"9":13,"10":1},"f":{"0":13,"1":4,"2":3,"3":2},"b":{},"_coverageSchema":"1a1c01bbd47fc00a2c39e90264f33305004495a9","hash":"5d7f38d1eed8cc61228bf3c704c41da6e965c896"}
,"/Users/ahmed/coding/instabug/moviesTask/src/components/Movie.js": {"path":"/Users/ahmed/coding/instabug/moviesTask/src/components/Movie.js","statementMap":{"0":{"start":{"line":12,"column":21},"end":{"line":23,"column":1}},"1":{"start":{"line":13,"column":2},"end":{"line":22,"column":11}},"2":{"start":{"line":30,"column":14},"end":{"line":90,"column":1}},"3":{"start":{"line":32,"column":28},"end":{"line":32,"column":50}},"4":{"start":{"line":38,"column":32},"end":{"line":43,"column":25}},"5":{"start":{"line":39,"column":4},"end":{"line":43,"column":25}},"6":{"start":{"line":44,"column":42},"end":{"line":44,"column":75}},"7":{"start":{"line":45,"column":42},"end":{"line":45,"column":57}},"8":{"start":{"line":50,"column":25},"end":{"line":52,"column":3}},"9":{"start":{"line":51,"column":4},"end":{"line":51,"column":43}},"10":{"start":{"line":51,"column":32},"end":{"line":51,"column":41}},"11":{"start":{"line":59,"column":30},"end":{"line":65,"column":3}},"12":{"start":{"line":61,"column":4},"end":{"line":63,"column":5}},"13":{"start":{"line":62,"column":6},"end":{"line":62,"column":13}},"14":{"start":{"line":64,"column":4},"end":{"line":64,"column":39}},"15":{"start":{"line":67,"column":2},"end":{"line":89,"column":4}},"16":{"start":{"line":71,"column":29},"end":{"line":71,"column":60}},"17":{"start":{"line":92,"column":15},"end":{"line":113,"column":2}}},"fnMap":{"0":{"name":"(anonymous_0)","decl":{"start":{"line":12,"column":21},"end":{"line":12,"column":22}},"loc":{"start":{"line":13,"column":2},"end":{"line":22,"column":11}},"line":13},"1":{"name":"(anonymous_1)","decl":{"start":{"line":30,"column":14},"end":{"line":30,"column":15}},"loc":{"start":{"line":30,"column":26},"end":{"line":90,"column":1}},"line":30},"2":{"name":"(anonymous_2)","decl":{"start":{"line":38,"column":32},"end":{"line":38,"column":33}},"loc":{"start":{"line":39,"column":4},"end":{"line":43,"column":25}},"line":39},"3":{"name":"(anonymous_3)","decl":{"start":{"line":50,"column":25},"end":{"line":50,"column":26}},"loc":{"start":{"line":50,"column":31},"end":{"line":52,"column":3}},"line":50},"4":{"name":"(anonymous_4)","decl":{"start":{"line":51,"column":20},"end":{"line":51,"column":21}},"loc":{"start":{"line":51,"column":32},"end":{"line":51,"column":41}},"line":51},"5":{"name":"(anonymous_5)","decl":{"start":{"line":59,"column":30},"end":{"line":59,"column":31}},"loc":{"start":{"line":59,"column":36},"end":{"line":65,"column":3}},"line":59},"6":{"name":"(anonymous_6)","decl":{"start":{"line":71,"column":14},"end":{"line":71,"column":15}},"loc":{"start":{"line":71,"column":29},"end":{"line":71,"column":60}},"line":71}},"branchMap":{"0":{"loc":{"start":{"line":39,"column":4},"end":{"line":43,"column":25}},"type":"cond-expr","locations":[{"start":{"line":40,"column":8},"end":{"line":40,"column":29}},{"start":{"line":41,"column":8},"end":{"line":43,"column":25}}],"line":39},"1":{"loc":{"start":{"line":41,"column":8},"end":{"line":43,"column":25}},"type":"cond-expr","locations":[{"start":{"line":42,"column":8},"end":{"line":42,"column":19}},{"start":{"line":43,"column":8},"end":{"line":43,"column":25}}],"line":41},"2":{"loc":{"start":{"line":61,"column":4},"end":{"line":63,"column":5}},"type":"if","locations":[{"start":{"line":61,"column":4},"end":{"line":63,"column":5}},{"start":{},"end":{}}],"line":61},"3":{"loc":{"start":{"line":82,"column":39},"end":{"line":82,"column":72}},"type":"cond-expr","locations":[{"start":{"line":82,"column":54},"end":{"line":82,"column":67}},{"start":{"line":82,"column":70},"end":{"line":82,"column":72}}],"line":82},"4":{"loc":{"start":{"line":84,"column":13},"end":{"line":84,"column":75}},"type":"cond-expr","locations":[{"start":{"line":84,"column":28},"end":{"line":84,"column":50}},{"start":{"line":84,"column":53},"end":{"line":84,"column":75}}],"line":84}},"s":{"0":1,"1":11,"2":1,"3":11,"4":11,"5":11,"6":11,"7":11,"8":11,"9":2,"10":2,"11":11,"12":0,"13":0,"14":0,"15":11,"16":11,"17":1},"f":{"0":11,"1":11,"2":11,"3":2,"4":2,"5":0,"6":11},"b":{"0":[0,11],"1":[1,10],"2":[0,0],"3":[2,9],"4":[2,9]},"_coverageSchema":"1a1c01bbd47fc00a2c39e90264f33305004495a9","hash":"fbff54306d8124f4a48ba07fd000bed1bb93e6f3"}
,"/Users/ahmed/coding/instabug/moviesTask/src/hooks/useImageLibrary.js": {"path":"/Users/ahmed/coding/instabug/moviesTask/src/hooks/useImageLibrary.js","statementMap":{"0":{"start":{"line":8,"column":24},"end":{"line":43,"column":1}},"1":{"start":{"line":9,"column":28},"end":{"line":9,"column":42}},"2":{"start":{"line":12,"column":18},"end":{"line":20,"column":3}},"3":{"start":{"line":26,"column":28},"end":{"line":30,"column":3}},"4":{"start":{"line":27,"column":4},"end":{"line":29,"column":5}},"5":{"start":{"line":28,"column":6},"end":{"line":28,"column":47}},"6":{"start":{"line":36,"column":29},"end":{"line":40,"column":5}},"7":{"start":{"line":37,"column":4},"end":{"line":40,"column":5}},"8":{"start":{"line":42,"column":2},"end":{"line":42,"column":37}}},"fnMap":{"0":{"name":"(anonymous_0)","decl":{"start":{"line":8,"column":24},"end":{"line":8,"column":25}},"loc":{"start":{"line":8,"column":30},"end":{"line":43,"column":1}},"line":8},"1":{"name":"(anonymous_1)","decl":{"start":{"line":26,"column":28},"end":{"line":26,"column":29}},"loc":{"start":{"line":26,"column":40},"end":{"line":30,"column":3}},"line":26},"2":{"name":"(anonymous_2)","decl":{"start":{"line":36,"column":29},"end":{"line":36,"column":30}},"loc":{"start":{"line":37,"column":4},"end":{"line":40,"column":5}},"line":37}},"branchMap":{"0":{"loc":{"start":{"line":27,"column":4},"end":{"line":29,"column":5}},"type":"if","locations":[{"start":{"line":27,"column":4},"end":{"line":29,"column":5}},{"start":{},"end":{}}],"line":27},"1":{"loc":{"start":{"line":28,"column":15},"end":{"line":28,"column":45}},"type":"binary-expr","locations":[{"start":{"line":28,"column":15},"end":{"line":28,"column":37}},{"start":{"line":28,"column":41},"end":{"line":28,"column":45}}],"line":28}},"s":{"0":2,"1":15,"2":15,"3":15,"4":0,"5":0,"6":15,"7":0,"8":15},"f":{"0":15,"1":0,"2":0},"b":{"0":[0,0],"1":[0,0]},"_coverageSchema":"1a1c01bbd47fc00a2c39e90264f33305004495a9","hash":"5f050fe7a54b28e6cc4cfcca5a3ce94535390357"}
,"/Users/ahmed/coding/instabug/moviesTask/src/hooks/usePosterPlaceholder.js": {"path":"/Users/ahmed/coding/instabug/moviesTask/src/hooks/usePosterPlaceholder.js","statementMap":{"0":{"start":{"line":7,"column":29},"end":{"line":9,"column":1}},"1":{"start":{"line":8,"column":2},"end":{"line":8,"column":21}}},"fnMap":{"0":{"name":"(anonymous_0)","decl":{"start":{"line":7,"column":29},"end":{"line":7,"column":30}},"loc":{"start":{"line":7,"column":35},"end":{"line":9,"column":1}},"line":7}},"branchMap":{},"s":{"0":3,"1":26},"f":{"0":26},"b":{},"_coverageSchema":"1a1c01bbd47fc00a2c39e90264f33305004495a9","hash":"b376c87c21330aa5281b095a6dc9d2eef9d53416"}
,"/Users/ahmed/coding/instabug/moviesTask/static/placeHolderPosterLight.png": {"path":"/Users/ahmed/coding/instabug/moviesTask/static/placeHolderPosterLight.png","statementMap":{"0":{"start":{"line":1,"column":0},"end":{"line":4,"column":6}}},"fnMap":{},"branchMap":{},"s":{"0":3},"f":{},"b":{},"inputSourceMap":null,"_coverageSchema":"1a1c01bbd47fc00a2c39e90264f33305004495a9","hash":"5e1828aee74d63543eab0e136256ad28afff19ee"}
}
