TN:
SF:src/UiWrapper.js
FN:6,(anonymous_0)
FNF:1
FNH:1
FNDA:20,(anonymous_0)
DA:6,3
DA:7,20
LF:2
LH:2
BRF:0
BRH:0
end_of_record
TN:
SF:src/components/AddMovie.js
FN:12,(anonymous_0)
FN:26,(anonymous_1)
FNF:2
FNH:2
FNDA:15,(anonymous_0)
FNDA:1,(anonymous_1)
DA:12,2
DA:14,15
DA:16,15
DA:18,15
DA:20,15
DA:22,15
DA:26,15
DA:27,1
DA:30,15
DA:62,2
LF:10
LH:10
BRDA:40,0,0,0
BRDA:40,0,1,15
BRDA:44,1,0,0
BRDA:44,1,1,15
BRF:4
BRH:2
end_of_record
TN:
SF:src/components/AddMovieModal.js
FN:11,(anonymous_0)
FN:14,(anonymous_1)
FN:15,(anonymous_2)
FN:21,(anonymous_3)
FNF:4
FNH:4
FNDA:13,(anonymous_0)
FNDA:4,(anonymous_1)
FNDA:3,(anonymous_2)
FNDA:2,(anonymous_3)
DA:11,1
DA:13,13
DA:14,13
DA:15,13
DA:21,13
DA:22,2
DA:23,2
DA:26,13
DA:43,1
LF:9
LH:9
BRF:0
BRH:0
end_of_record
TN:
SF:src/components/Movie.js
FN:12,(anonymous_0)
FN:30,(anonymous_1)
FN:38,(anonymous_2)
FN:50,(anonymous_3)
FN:51,(anonymous_4)
FN:59,(anonymous_5)
FN:71,(anonymous_6)
FNF:7
FNH:6
FNDA:11,(anonymous_0)
FNDA:11,(anonymous_1)
FNDA:11,(anonymous_2)
FNDA:2,(anonymous_3)
FNDA:2,(anonymous_4)
FNDA:0,(anonymous_5)
FNDA:11,(anonymous_6)
DA:12,1
DA:13,11
DA:30,1
DA:32,11
DA:38,11
DA:39,11
DA:44,11
DA:45,11
DA:50,11
DA:51,2
DA:59,11
DA:61,0
DA:62,0
DA:64,0
DA:67,11
DA:71,11
DA:92,1
LF:17
LH:14
BRDA:39,0,0,0
BRDA:39,0,1,11
BRDA:41,1,0,1
BRDA:41,1,1,10
BRDA:61,2,0,0
BRDA:61,2,1,0
BRDA:82,3,0,2
BRDA:82,3,1,9
BRDA:84,4,0,2
BRDA:84,4,1,9
BRF:10
BRH:7
end_of_record
TN:
SF:src/hooks/useImageLibrary.js
FN:8,(anonymous_0)
FN:26,(anonymous_1)
FN:36,(anonymous_2)
FNF:3
FNH:1
FNDA:15,(anonymous_0)
FNDA:0,(anonymous_1)
FNDA:0,(anonymous_2)
DA:8,2
DA:9,15
DA:12,15
DA:26,15
DA:27,0
DA:28,0
DA:36,15
DA:37,0
DA:42,15
LF:9
LH:6
BRDA:27,0,0,0
BRDA:27,0,1,0
BRDA:28,1,0,0
BRDA:28,1,1,0
BRF:4
BRH:0
end_of_record
TN:
SF:src/hooks/usePosterPlaceholder.js
FN:7,(anonymous_0)
FNF:1
FNH:1
FNDA:26,(anonymous_0)
DA:7,3
DA:8,26
LF:2
LH:2
BRF:0
BRH:0
end_of_record
TN:
SF:static/placeHolderPosterLight.png
FNF:0
FNH:0
DA:1,3
LF:1
LH:1
BRF:0
BRH:0
end_of_record
